<?xml version="1.0" encoding="UTF-8"?>
<!-- Generated by org.testng.reporters.JUnitReportReporter -->
<testsuite hostname="raj-tmp7585" failures="0" tests="1" name="git_cicd.calander" time="0.138" errors="0" timestamp="06 Nov 2021 13:18:08 GMT" skipped="0">
  <testcase classname="git_cicd.calander" name="date" time="0.138"/>
</testsuite> <!-- git_cicd.calander -->
